2025-02-03 14:24:45 : Current user is 'seyediana1'. Commands will be executed as 'dspace' using sudo.
2025-02-03 14:24:45 : ========== Starting Solr Statistics Export Process ==========
2025-02-03 14:24:45 : Executing Solr statistics export command.
No index name provided, defaulting to "statistics".
2025-02-03 14:24:55 : Solr statistics export completed successfully.
2025-02-03 14:24:55 : Starting organization of exported CSV files.
2025-02-03 14:24:55 : Moved 'statistics_export_2024-06.csv' to '/data/dspace-angular-dspace-8.0/stats_dump/organized/2024/06/'.
2025-02-03 14:24:55 : Moved 'statistics_export_2024-07.csv' to '/data/dspace-angular-dspace-8.0/stats_dump/organized/2024/07/'.
2025-02-03 14:24:55 : Moved 'statistics_export_2024-08.csv' to '/data/dspace-angular-dspace-8.0/stats_dump/organized/2024/08/'.
2025-02-03 14:24:56 : Moved 'statistics_export_2024-09_0.csv' to '/data/dspace-angular-dspace-8.0/stats_dump/organized/2024/09/'.
2025-02-03 14:24:56 : Moved 'statistics_export_2024-09_1.csv' to '/data/dspace-angular-dspace-8.0/stats_dump/organized/2024/09/'.
2025-02-03 14:24:56 : Moved 'statistics_export_2024-10.csv' to '/data/dspace-angular-dspace-8.0/stats_dump/organized/2024/10/'.
2025-02-03 14:24:56 : Moved 'statistics_export_2024-11.csv' to '/data/dspace-angular-dspace-8.0/stats_dump/organized/2024/11/'.
2025-02-03 14:24:56 : Moved 'statistics_export_2024-12_0.csv' to '/data/dspace-angular-dspace-8.0/stats_dump/organized/2024/12/'.
2025-02-03 14:24:56 : Moved 'statistics_export_2024-12_1.csv' to '/data/dspace-angular-dspace-8.0/stats_dump/organized/2024/12/'.
2025-02-03 14:24:56 : Moved 'statistics_export_2025-01_0.csv' to '/data/dspace-angular-dspace-8.0/stats_dump/organized/2025/01/'.
2025-02-03 14:24:56 : Moved 'statistics_export_2025-01_1.csv' to '/data/dspace-angular-dspace-8.0/stats_dump/organized/2025/01/'.
2025-02-03 14:24:56 : Moved 'statistics_export_2025-02.csv' to '/data/dspace-angular-dspace-8.0/stats_dump/organized/2025/02/'.
2025-02-03 14:24:56 : Organization of exported CSV files completed.
2025-02-03 14:24:56 : Checking for unchunked export files that should be removed...
2025-02-03 14:24:56 : Warning: File 'statistics_export_2024-06_mapped.csv' did not match expected pattern. Skipping removal check.
2025-02-03 14:24:56 : Warning: File 'statistics_export_2024-07_mapped.csv' did not match expected pattern. Skipping removal check.
2025-02-03 14:24:56 : Warning: File 'statistics_export_2024-08_mapped.csv' did not match expected pattern. Skipping removal check.
2025-02-03 14:24:56 : Warning: File 'statistics_export_2024-09_0_mapped.csv' did not match expected pattern. Skipping removal check.
2025-02-03 14:24:56 : Warning: File 'statistics_export_2024-09_1_mapped.csv' did not match expected pattern. Skipping removal check.
2025-02-03 14:24:56 : Warning: File 'statistics_export_2024-10_mapped.csv' did not match expected pattern. Skipping removal check.
2025-02-03 14:24:56 : Warning: File 'statistics_export_2024-11_mapped.csv' did not match expected pattern. Skipping removal check.
2025-02-03 14:24:56 : Warning: File 'statistics_export_2024-12_0_mapped.csv' did not match expected pattern. Skipping removal check.
2025-02-03 14:24:56 : Warning: File 'statistics_export_2024-12_1_mapped.csv' did not match expected pattern. Skipping removal check.
2025-02-03 14:24:56 : Warning: File 'statistics_export_2025-01_0_mapped.csv' did not match expected pattern. Skipping removal check.
2025-02-03 14:24:56 : Warning: File 'statistics_export_2025-01_1_mapped.csv' did not match expected pattern. Skipping removal check.
2025-02-03 14:24:56 : Warning: File 'statistics_export_2025-02_mapped.csv' did not match expected pattern. Skipping removal check.
2025-02-03 14:24:56 : Unchunked file cleanup completed.
2025-02-03 14:24:56 : Starting UUID mapping using Python script.
2025-02-03 14:24:57 : Read configuration from /data/dspace-angular-dspace-8.0/config/configs/config.ini.
2025-02-03 14:24:57 : Fetching UUID mapping (titles) from the database.
2025-02-03 14:24:57 : Fetched 3510 UUID mappings (titles) from the database.
2025-02-03 14:24:57 : Processing file: /data/dspace-angular-dspace-8.0/stats_dump/organized/2024/06/statistics_export_2024-06.csv
2025-02-03 14:24:57 : Added column 'uid_value' to /data/dspace-angular-dspace-8.0/stats_dump/organized/2024/06/statistics_export_2024-06.csv.
2025-02-03 14:24:57 : Added column 'owningItem_value' to /data/dspace-angular-dspace-8.0/stats_dump/organized/2024/06/statistics_export_2024-06.csv.
2025-02-03 14:24:57 : Added column 'owningComm_value' to /data/dspace-angular-dspace-8.0/stats_dump/organized/2024/06/statistics_export_2024-06.csv.
2025-02-03 14:24:57 : Added column 'owningColl_value' to /data/dspace-angular-dspace-8.0/stats_dump/organized/2024/06/statistics_export_2024-06.csv.
2025-02-03 14:24:57 : Added column 'workflowItemId_value' to /data/dspace-angular-dspace-8.0/stats_dump/organized/2024/06/statistics_export_2024-06.csv.
2025-02-03 14:24:57 : Pseudonymized IP addresses in /data/dspace-angular-dspace-8.0/stats_dump/organized/2024/06/statistics_export_2024-06.csv.
2025-02-03 14:24:57 : Saved mapped CSV to /data/dspace-angular-dspace-8.0/stats_dump/organized/2024/06/statistics_export_2024-06_mapped.csv.
2025-02-03 14:24:57 : Processing file: /data/dspace-angular-dspace-8.0/stats_dump/organized/2024/07/statistics_export_2024-07.csv
2025-02-03 14:24:57 : Added column 'uid_value' to /data/dspace-angular-dspace-8.0/stats_dump/organized/2024/07/statistics_export_2024-07.csv.
2025-02-03 14:24:57 : Added column 'owningItem_value' to /data/dspace-angular-dspace-8.0/stats_dump/organized/2024/07/statistics_export_2024-07.csv.
2025-02-03 14:24:57 : Added column 'owningComm_value' to /data/dspace-angular-dspace-8.0/stats_dump/organized/2024/07/statistics_export_2024-07.csv.
2025-02-03 14:24:57 : Added column 'owningColl_value' to /data/dspace-angular-dspace-8.0/stats_dump/organized/2024/07/statistics_export_2024-07.csv.
2025-02-03 14:24:57 : Added column 'workflowItemId_value' to /data/dspace-angular-dspace-8.0/stats_dump/organized/2024/07/statistics_export_2024-07.csv.
2025-02-03 14:24:57 : Pseudonymized IP addresses in /data/dspace-angular-dspace-8.0/stats_dump/organized/2024/07/statistics_export_2024-07.csv.
2025-02-03 14:24:57 : Saved mapped CSV to /data/dspace-angular-dspace-8.0/stats_dump/organized/2024/07/statistics_export_2024-07_mapped.csv.
2025-02-03 14:24:57 : Processing file: /data/dspace-angular-dspace-8.0/stats_dump/organized/2024/08/statistics_export_2024-08.csv
2025-02-03 14:24:57 : Added column 'uid_value' to /data/dspace-angular-dspace-8.0/stats_dump/organized/2024/08/statistics_export_2024-08.csv.
2025-02-03 14:24:57 : Added column 'owningItem_value' to /data/dspace-angular-dspace-8.0/stats_dump/organized/2024/08/statistics_export_2024-08.csv.
2025-02-03 14:24:57 : Added column 'owningComm_value' to /data/dspace-angular-dspace-8.0/stats_dump/organized/2024/08/statistics_export_2024-08.csv.
2025-02-03 14:24:57 : Added column 'owningColl_value' to /data/dspace-angular-dspace-8.0/stats_dump/organized/2024/08/statistics_export_2024-08.csv.
2025-02-03 14:24:57 : Added column 'workflowItemId_value' to /data/dspace-angular-dspace-8.0/stats_dump/organized/2024/08/statistics_export_2024-08.csv.
2025-02-03 14:24:57 : Pseudonymized IP addresses in /data/dspace-angular-dspace-8.0/stats_dump/organized/2024/08/statistics_export_2024-08.csv.
2025-02-03 14:24:57 : Saved mapped CSV to /data/dspace-angular-dspace-8.0/stats_dump/organized/2024/08/statistics_export_2024-08_mapped.csv.
2025-02-03 14:24:57 : Processing file: /data/dspace-angular-dspace-8.0/stats_dump/organized/2024/09/statistics_export_2024-09_0.csv
2025-02-03 14:24:57 : Added column 'uid_value' to /data/dspace-angular-dspace-8.0/stats_dump/organized/2024/09/statistics_export_2024-09_0.csv.
2025-02-03 14:24:57 : Added column 'owningItem_value' to /data/dspace-angular-dspace-8.0/stats_dump/organized/2024/09/statistics_export_2024-09_0.csv.
2025-02-03 14:24:57 : Added column 'owningComm_value' to /data/dspace-angular-dspace-8.0/stats_dump/organized/2024/09/statistics_export_2024-09_0.csv.
2025-02-03 14:24:57 : Added column 'owningColl_value' to /data/dspace-angular-dspace-8.0/stats_dump/organized/2024/09/statistics_export_2024-09_0.csv.
2025-02-03 14:24:57 : Added column 'workflowItemId_value' to /data/dspace-angular-dspace-8.0/stats_dump/organized/2024/09/statistics_export_2024-09_0.csv.
2025-02-03 14:24:57 : Pseudonymized IP addresses in /data/dspace-angular-dspace-8.0/stats_dump/organized/2024/09/statistics_export_2024-09_0.csv.
2025-02-03 14:24:58 : Saved mapped CSV to /data/dspace-angular-dspace-8.0/stats_dump/organized/2024/09/statistics_export_2024-09_0_mapped.csv.
2025-02-03 14:24:58 : Processing file: /data/dspace-angular-dspace-8.0/stats_dump/organized/2024/09/statistics_export_2024-09_1.csv
2025-02-03 14:24:58 : Added column 'uid_value' to /data/dspace-angular-dspace-8.0/stats_dump/organized/2024/09/statistics_export_2024-09_1.csv.
2025-02-03 14:24:58 : Added column 'owningItem_value' to /data/dspace-angular-dspace-8.0/stats_dump/organized/2024/09/statistics_export_2024-09_1.csv.
2025-02-03 14:24:58 : Added column 'owningComm_value' to /data/dspace-angular-dspace-8.0/stats_dump/organized/2024/09/statistics_export_2024-09_1.csv.
2025-02-03 14:24:58 : Added column 'owningColl_value' to /data/dspace-angular-dspace-8.0/stats_dump/organized/2024/09/statistics_export_2024-09_1.csv.
2025-02-03 14:24:58 : Added column 'workflowItemId_value' to /data/dspace-angular-dspace-8.0/stats_dump/organized/2024/09/statistics_export_2024-09_1.csv.
2025-02-03 14:24:58 : Pseudonymized IP addresses in /data/dspace-angular-dspace-8.0/stats_dump/organized/2024/09/statistics_export_2024-09_1.csv.
2025-02-03 14:24:58 : Saved mapped CSV to /data/dspace-angular-dspace-8.0/stats_dump/organized/2024/09/statistics_export_2024-09_1_mapped.csv.
2025-02-03 14:24:58 : Processing file: /data/dspace-angular-dspace-8.0/stats_dump/organized/2024/10/statistics_export_2024-10.csv
2025-02-03 14:24:58 : Added column 'uid_value' to /data/dspace-angular-dspace-8.0/stats_dump/organized/2024/10/statistics_export_2024-10.csv.
2025-02-03 14:24:58 : Added column 'owningItem_value' to /data/dspace-angular-dspace-8.0/stats_dump/organized/2024/10/statistics_export_2024-10.csv.
2025-02-03 14:24:58 : Added column 'owningComm_value' to /data/dspace-angular-dspace-8.0/stats_dump/organized/2024/10/statistics_export_2024-10.csv.
2025-02-03 14:24:58 : Added column 'owningColl_value' to /data/dspace-angular-dspace-8.0/stats_dump/organized/2024/10/statistics_export_2024-10.csv.
2025-02-03 14:24:58 : Added column 'workflowItemId_value' to /data/dspace-angular-dspace-8.0/stats_dump/organized/2024/10/statistics_export_2024-10.csv.
2025-02-03 14:24:58 : Pseudonymized IP addresses in /data/dspace-angular-dspace-8.0/stats_dump/organized/2024/10/statistics_export_2024-10.csv.
2025-02-03 14:24:58 : Saved mapped CSV to /data/dspace-angular-dspace-8.0/stats_dump/organized/2024/10/statistics_export_2024-10_mapped.csv.
2025-02-03 14:24:58 : Processing file: /data/dspace-angular-dspace-8.0/stats_dump/organized/2024/11/statistics_export_2024-11.csv
2025-02-03 14:24:58 : Added column 'uid_value' to /data/dspace-angular-dspace-8.0/stats_dump/organized/2024/11/statistics_export_2024-11.csv.
2025-02-03 14:24:57 : Read configuration from /data/dspace-angular-dspace-8.0/config/configs/config.ini.
2025-02-03 14:24:57 : Fetching UUID mapping (titles) from the database.
2025-02-03 14:24:57 : Fetched 3510 UUID mappings (titles) from the database.
2025-02-03 14:24:57 : Processing file: /data/dspace-angular-dspace-8.0/stats_dump/organized/2024/06/statistics_export_2024-06.csv
2025-02-03 14:24:57 : Added column 'uid_value' to /data/dspace-angular-dspace-8.0/stats_dump/organized/2024/06/statistics_export_2024-06.csv.
2025-02-03 14:24:57 : Added column 'owningItem_value' to /data/dspace-angular-dspace-8.0/stats_dump/organized/2024/06/statistics_export_2024-06.csv.
2025-02-03 14:24:57 : Added column 'owningComm_value' to /data/dspace-angular-dspace-8.0/stats_dump/organized/2024/06/statistics_export_2024-06.csv.
2025-02-03 14:24:57 : Added column 'owningColl_value' to /data/dspace-angular-dspace-8.0/stats_dump/organized/2024/06/statistics_export_2024-06.csv.
2025-02-03 14:24:57 : Added column 'workflowItemId_value' to /data/dspace-angular-dspace-8.0/stats_dump/organized/2024/06/statistics_export_2024-06.csv.
2025-02-03 14:24:57 : Pseudonymized IP addresses in /data/dspace-angular-dspace-8.0/stats_dump/organized/2024/06/statistics_export_2024-06.csv.
/data/dspace-angular-dspace-8.0/stats_dump/organized/2024/06/statistics_export_2024-06_mapped.csv
2025-02-03 14:24:57 : Saved mapped CSV to /data/dspace-angular-dspace-8.0/stats_dump/organized/2024/06/statistics_export_2024-06_mapped.csv.
2025-02-03 14:24:57 : Processing file: /data/dspace-angular-dspace-8.0/stats_dump/organized/2024/07/statistics_export_2024-07.csv
2025-02-03 14:24:57 : Added column 'uid_value' to /data/dspace-angular-dspace-8.0/stats_dump/organized/2024/07/statistics_export_2024-07.csv.
2025-02-03 14:24:57 : Added column 'owningItem_value' to /data/dspace-angular-dspace-8.0/stats_dump/organized/2024/07/statistics_export_2024-07.csv.
2025-02-03 14:24:57 : Added column 'owningComm_value' to /data/dspace-angular-dspace-8.0/stats_dump/organized/2024/07/statistics_export_2024-07.csv.
2025-02-03 14:24:57 : Added column 'owningColl_value' to /data/dspace-angular-dspace-8.0/stats_dump/organized/2024/07/statistics_export_2024-07.csv.
2025-02-03 14:24:57 : Added column 'workflowItemId_value' to /data/dspace-angular-dspace-8.0/stats_dump/organized/2024/07/statistics_export_2024-07.csv.
2025-02-03 14:24:57 : Pseudonymized IP addresses in /data/dspace-angular-dspace-8.0/stats_dump/organized/2024/07/statistics_export_2024-07.csv.
/data/dspace-angular-dspace-8.0/stats_dump/organized/2024/07/statistics_export_2024-07_mapped.csv
2025-02-03 14:24:57 : Saved mapped CSV to /data/dspace-angular-dspace-8.0/stats_dump/organized/2024/07/statistics_export_2024-07_mapped.csv.
2025-02-03 14:24:57 : Processing file: /data/dspace-angular-dspace-8.0/stats_dump/organized/2024/08/statistics_export_2024-08.csv
2025-02-03 14:24:57 : Added column 'uid_value' to /data/dspace-angular-dspace-8.0/stats_dump/organized/2024/08/statistics_export_2024-08.csv.
2025-02-03 14:24:57 : Added column 'owningItem_value' to /data/dspace-angular-dspace-8.0/stats_dump/organized/2024/08/statistics_export_2024-08.csv.
2025-02-03 14:24:57 : Added column 'owningComm_value' to /data/dspace-angular-dspace-8.0/stats_dump/organized/2024/08/statistics_export_2024-08.csv.
2025-02-03 14:24:57 : Added column 'owningColl_value' to /data/dspace-angular-dspace-8.0/stats_dump/organized/2024/08/statistics_export_2024-08.csv.
2025-02-03 14:24:57 : Added column 'workflowItemId_value' to /data/dspace-angular-dspace-8.0/stats_dump/organized/2024/08/statistics_export_2024-08.csv.
2025-02-03 14:24:57 : Pseudonymized IP addresses in /data/dspace-angular-dspace-8.0/stats_dump/organized/2024/08/statistics_export_2024-08.csv.
/data/dspace-angular-dspace-8.0/stats_dump/organized/2024/08/statistics_export_2024-08_mapped.csv
2025-02-03 14:24:57 : Saved mapped CSV to /data/dspace-angular-dspace-8.0/stats_dump/organized/2024/08/statistics_export_2024-08_mapped.csv.
2025-02-03 14:24:57 : Processing file: /data/dspace-angular-dspace-8.0/stats_dump/organized/2024/09/statistics_export_2024-09_0.csv
2025-02-03 14:24:57 : Added column 'uid_value' to /data/dspace-angular-dspace-8.0/stats_dump/organized/2024/09/statistics_export_2024-09_0.csv.
2025-02-03 14:24:57 : Added column 'owningItem_value' to /data/dspace-angular-dspace-8.0/stats_dump/organized/2024/09/statistics_export_2024-09_0.csv.
2025-02-03 14:24:57 : Added column 'owningComm_value' to /data/dspace-angular-dspace-8.0/stats_dump/organized/2024/09/statistics_export_2024-09_0.csv.
2025-02-03 14:24:57 : Added column 'owningColl_value' to /data/dspace-angular-dspace-8.0/stats_dump/organized/2024/09/statistics_export_2024-09_0.csv.
2025-02-03 14:24:57 : Added column 'workflowItemId_value' to /data/dspace-angular-dspace-8.0/stats_dump/organized/2024/09/statistics_export_2024-09_0.csv.
2025-02-03 14:24:57 : Pseudonymized IP addresses in /data/dspace-angular-dspace-8.0/stats_dump/organized/2024/09/statistics_export_2024-09_0.csv.
/data/dspace-angular-dspace-8.0/stats_dump/organized/2024/09/statistics_export_2024-09_0_mapped.csv
2025-02-03 14:24:58 : Saved mapped CSV to /data/dspace-angular-dspace-8.0/stats_dump/organized/2024/09/statistics_export_2024-09_0_mapped.csv.
2025-02-03 14:24:58 : Processing file: /data/dspace-angular-dspace-8.0/stats_dump/organized/2024/09/statistics_export_2024-09_1.csv
2025-02-03 14:24:58 : Added column 'uid_value' to /data/dspace-angular-dspace-8.0/stats_dump/organized/2024/09/statistics_export_2024-09_1.csv.
2025-02-03 14:24:58 : Added column 'owningItem_value' to /data/dspace-angular-dspace-8.0/stats_dump/organized/2024/09/statistics_export_2024-09_1.csv.
2025-02-03 14:24:58 : Added column 'owningComm_value' to /data/dspace-angular-dspace-8.0/stats_dump/organized/2024/09/statistics_export_2024-09_1.csv.
2025-02-03 14:24:58 : Added column 'owningColl_value' to /data/dspace-angular-dspace-8.0/stats_dump/organized/2024/09/statistics_export_2024-09_1.csv.
2025-02-03 14:24:58 : Added column 'workflowItemId_value' to /data/dspace-angular-dspace-8.0/stats_dump/organized/2024/09/statistics_export_2024-09_1.csv.
2025-02-03 14:24:58 : Pseudonymized IP addresses in /data/dspace-angular-dspace-8.0/stats_dump/organized/2024/09/statistics_export_2024-09_1.csv.
/data/dspace-angular-dspace-8.0/stats_dump/organized/2024/09/statistics_export_2024-09_1_mapped.csv
2025-02-03 14:24:58 : Saved mapped CSV to /data/dspace-angular-dspace-8.0/stats_dump/organized/2024/09/statistics_export_2024-09_1_mapped.csv.
2025-02-03 14:24:58 : Processing file: /data/dspace-angular-dspace-8.0/stats_dump/organized/2024/10/statistics_export_2024-10.csv
2025-02-03 14:24:58 : Added column 'uid_value' to /data/dspace-angular-dspace-8.0/stats_dump/organized/2024/10/statistics_export_2024-10.csv.
2025-02-03 14:24:58 : Added column 'owningItem_value' to /data/dspace-angular-dspace-8.0/stats_dump/organized/2024/10/statistics_export_2024-10.csv.
2025-02-03 14:24:58 : Added column 'owningComm_value' to /data/dspace-angular-dspace-8.0/stats_dump/organized/2024/10/statistics_export_2024-10.csv.
2025-02-03 14:24:58 : Added column 'owningColl_value' to /data/dspace-angular-dspace-8.0/stats_dump/organized/2024/10/statistics_export_2024-10.csv.
2025-02-03 14:24:58 : Added column 'workflowItemId_value' to /data/dspace-angular-dspace-8.0/stats_dump/organized/2024/10/statistics_export_2024-10.csv.
2025-02-03 14:24:58 : Pseudonymized IP addresses in /data/dspace-angular-dspace-8.0/stats_dump/organized/2024/10/statistics_export_2024-10.csv.
/data/dspace-angular-dspace-8.0/stats_dump/organized/2024/10/statistics_export_2024-10_mapped.csv
2025-02-03 14:24:58 : Saved mapped CSV to /data/dspace-angular-dspace-8.0/stats_dump/organized/2024/10/statistics_export_2024-10_mapped.csv.
2025-02-03 14:24:58 : Processing file: /data/dspace-angular-dspace-8.0/stats_dump/organized/2024/11/statistics_export_2024-11.csv
2025-02-03 14:24:58 : Added column 'uid_value' to /data/dspace-angular-dspace-8.0/stats_dump/organized/2024/11/statistics_export_2024-11.csv.
2025-02-03 14:24:58 : Added column 'owningItem_value' to /data/dspace-angular-dspace-8.0/stats_dump/organized/2024/11/statistics_export_2024-11.csv.
2025-02-03 14:24:58 : Added column 'owningComm_value' to /data/dspace-angular-dspace-8.0/stats_dump/organized/2024/11/statistics_export_2024-11.csv.
2025-02-03 14:24:58 : Added column 'owningColl_value' to /data/dspace-angular-dspace-8.0/stats_dump/organized/2024/11/statistics_export_2024-11.csv.
2025-02-03 14:24:58 : Added column 'workflowItemId_value' to /data/dspace-angular-dspace-8.0/stats_dump/organized/2024/11/statistics_export_2024-11.csv.
2025-02-03 14:24:58 : Pseudonymized IP addresses in /data/dspace-angular-dspace-8.0/stats_dump/organized/2024/11/statistics_export_2024-11.csv.
2025-02-03 14:24:58 : Saved mapped CSV to /data/dspace-angular-dspace-8.0/stats_dump/organized/2024/11/statistics_export_2024-11_mapped.csv.
2025-02-03 14:24:58 : Processing file: /data/dspace-angular-dspace-8.0/stats_dump/organized/2024/12/statistics_export_2024-12_0.csv
2025-02-03 14:24:58 : Added column 'uid_value' to /data/dspace-angular-dspace-8.0/stats_dump/organized/2024/12/statistics_export_2024-12_0.csv.
2025-02-03 14:24:58 : Added column 'owningItem_value' to /data/dspace-angular-dspace-8.0/stats_dump/organized/2024/12/statistics_export_2024-12_0.csv.
2025-02-03 14:24:58 : Added column 'owningComm_value' to /data/dspace-angular-dspace-8.0/stats_dump/organized/2024/12/statistics_export_2024-12_0.csv.
2025-02-03 14:24:58 : Added column 'owningColl_value' to /data/dspace-angular-dspace-8.0/stats_dump/organized/2024/12/statistics_export_2024-12_0.csv.
2025-02-03 14:24:58 : Added column 'workflowItemId_value' to /data/dspace-angular-dspace-8.0/stats_dump/organized/2024/12/statistics_export_2024-12_0.csv.
2025-02-03 14:24:58 : Pseudonymized IP addresses in /data/dspace-angular-dspace-8.0/stats_dump/organized/2024/12/statistics_export_2024-12_0.csv.
2025-02-03 14:24:59 : Saved mapped CSV to /data/dspace-angular-dspace-8.0/stats_dump/organized/2024/12/statistics_export_2024-12_0_mapped.csv.
2025-02-03 14:24:59 : Processing file: /data/dspace-angular-dspace-8.0/stats_dump/organized/2024/12/statistics_export_2024-12_1.csv
2025-02-03 14:24:59 : Added column 'uid_value' to /data/dspace-angular-dspace-8.0/stats_dump/organized/2024/12/statistics_export_2024-12_1.csv.
2025-02-03 14:24:59 : Added column 'owningItem_value' to /data/dspace-angular-dspace-8.0/stats_dump/organized/2024/12/statistics_export_2024-12_1.csv.
2025-02-03 14:24:59 : Added column 'owningComm_value' to /data/dspace-angular-dspace-8.0/stats_dump/organized/2024/12/statistics_export_2024-12_1.csv.
2025-02-03 14:24:59 : Added column 'owningColl_value' to /data/dspace-angular-dspace-8.0/stats_dump/organized/2024/12/statistics_export_2024-12_1.csv.
2025-02-03 14:24:59 : Added column 'workflowItemId_value' to /data/dspace-angular-dspace-8.0/stats_dump/organized/2024/12/statistics_export_2024-12_1.csv.
2025-02-03 14:24:59 : Pseudonymized IP addresses in /data/dspace-angular-dspace-8.0/stats_dump/organized/2024/12/statistics_export_2024-12_1.csv.
2025-02-03 14:24:59 : Saved mapped CSV to /data/dspace-angular-dspace-8.0/stats_dump/organized/2024/12/statistics_export_2024-12_1_mapped.csv.
2025-02-03 14:24:59 : Processing file: /data/dspace-angular-dspace-8.0/stats_dump/organized/2025/01/statistics_export_2025-01_0.csv
2025-02-03 14:24:59 : Added column 'uid_value' to /data/dspace-angular-dspace-8.0/stats_dump/organized/2025/01/statistics_export_2025-01_0.csv.
2025-02-03 14:24:59 : Added column 'owningItem_value' to /data/dspace-angular-dspace-8.0/stats_dump/organized/2025/01/statistics_export_2025-01_0.csv.
2025-02-03 14:24:59 : Added column 'owningComm_value' to /data/dspace-angular-dspace-8.0/stats_dump/organized/2025/01/statistics_export_2025-01_0.csv.
2025-02-03 14:24:59 : Added column 'owningColl_value' to /data/dspace-angular-dspace-8.0/stats_dump/organized/2025/01/statistics_export_2025-01_0.csv.
2025-02-03 14:24:59 : Added column 'workflowItemId_value' to /data/dspace-angular-dspace-8.0/stats_dump/organized/2025/01/statistics_export_2025-01_0.csv.
2025-02-03 14:24:59 : Pseudonymized IP addresses in /data/dspace-angular-dspace-8.0/stats_dump/organized/2025/01/statistics_export_2025-01_0.csv.
2025-02-03 14:24:59 : Saved mapped CSV to /data/dspace-angular-dspace-8.0/stats_dump/organized/2025/01/statistics_export_2025-01_0_mapped.csv.
2025-02-03 14:24:59 : Processing file: /data/dspace-angular-dspace-8.0/stats_dump/organized/2025/01/statistics_export_2025-01_1.csv
2025-02-03 14:24:59 : Added column 'uid_value' to /data/dspace-angular-dspace-8.0/stats_dump/organized/2025/01/statistics_export_2025-01_1.csv.
2025-02-03 14:24:59 : Added column 'owningItem_value' to /data/dspace-angular-dspace-8.0/stats_dump/organized/2025/01/statistics_export_2025-01_1.csv.
2025-02-03 14:24:59 : Added column 'owningComm_value' to /data/dspace-angular-dspace-8.0/stats_dump/organized/2025/01/statistics_export_2025-01_1.csv.
2025-02-03 14:24:59 : Added column 'owningColl_value' to /data/dspace-angular-dspace-8.0/stats_dump/organized/2025/01/statistics_export_2025-01_1.csv.
2025-02-03 14:24:59 : Added column 'workflowItemId_value' to /data/dspace-angular-dspace-8.0/stats_dump/organized/2025/01/statistics_export_2025-01_1.csv.
2025-02-03 14:24:59 : Pseudonymized IP addresses in /data/dspace-angular-dspace-8.0/stats_dump/organized/2025/01/statistics_export_2025-01_1.csv.
2025-02-03 14:24:59 : Saved mapped CSV to /data/dspace-angular-dspace-8.0/stats_dump/organized/2025/01/statistics_export_2025-01_1_mapped.csv.
2025-02-03 14:24:59 : Processing file: /data/dspace-angular-dspace-8.0/stats_dump/organized/2025/02/statistics_export_2025-02.csv
2025-02-03 14:24:59 : Added column 'uid_value' to /data/dspace-angular-dspace-8.0/stats_dump/organized/2025/02/statistics_export_2025-02.csv.
2025-02-03 14:24:59 : Added column 'owningItem_value' to /data/dspace-angular-dspace-8.0/stats_dump/organized/2025/02/statistics_export_2025-02.csv.
2025-02-03 14:24:59 : Added column 'owningComm_value' to /data/dspace-angular-dspace-8.0/stats_dump/organized/2025/02/statistics_export_2025-02.csv.
2025-02-03 14:24:59 : Added column 'owningColl_value' to /data/dspace-angular-dspace-8.0/stats_dump/organized/2025/02/statistics_export_2025-02.csv.
2025-02-03 14:24:59 : Added column 'workflowItemId_value' to /data/dspace-angular-dspace-8.0/stats_dump/organized/2025/02/statistics_export_2025-02.csv.
2025-02-03 14:24:59 : Pseudonymized IP addresses in /data/dspace-angular-dspace-8.0/stats_dump/organized/2025/02/statistics_export_2025-02.csv.
2025-02-03 14:24:59 : Saved mapped CSV to /data/dspace-angular-dspace-8.0/stats_dump/organized/2025/02/statistics_export_2025-02_mapped.csv.
2025-02-03 14:24:59 : UUID mapping process completed.
2025-02-03 14:24:58 : Added column 'owningItem_value' to /data/dspace-angular-dspace-8.0/stats_dump/organized/2024/11/statistics_export_2024-11.csv.
2025-02-03 14:24:58 : Added column 'owningComm_value' to /data/dspace-angular-dspace-8.0/stats_dump/organized/2024/11/statistics_export_2024-11.csv.
2025-02-03 14:24:58 : Added column 'owningColl_value' to /data/dspace-angular-dspace-8.0/stats_dump/organized/2024/11/statistics_export_2024-11.csv.
2025-02-03 14:24:58 : Added column 'workflowItemId_value' to /data/dspace-angular-dspace-8.0/stats_dump/organized/2024/11/statistics_export_2024-11.csv.
2025-02-03 14:24:58 : Pseudonymized IP addresses in /data/dspace-angular-dspace-8.0/stats_dump/organized/2024/11/statistics_export_2024-11.csv.
/data/dspace-angular-dspace-8.0/stats_dump/organized/2024/11/statistics_export_2024-11_mapped.csv
2025-02-03 14:24:58 : Saved mapped CSV to /data/dspace-angular-dspace-8.0/stats_dump/organized/2024/11/statistics_export_2024-11_mapped.csv.
2025-02-03 14:24:58 : Processing file: /data/dspace-angular-dspace-8.0/stats_dump/organized/2024/12/statistics_export_2024-12_0.csv
2025-02-03 14:24:58 : Added column 'uid_value' to /data/dspace-angular-dspace-8.0/stats_dump/organized/2024/12/statistics_export_2024-12_0.csv.
2025-02-03 14:24:58 : Added column 'owningItem_value' to /data/dspace-angular-dspace-8.0/stats_dump/organized/2024/12/statistics_export_2024-12_0.csv.
2025-02-03 14:24:58 : Added column 'owningComm_value' to /data/dspace-angular-dspace-8.0/stats_dump/organized/2024/12/statistics_export_2024-12_0.csv.
2025-02-03 14:24:58 : Added column 'owningColl_value' to /data/dspace-angular-dspace-8.0/stats_dump/organized/2024/12/statistics_export_2024-12_0.csv.
2025-02-03 14:24:58 : Added column 'workflowItemId_value' to /data/dspace-angular-dspace-8.0/stats_dump/organized/2024/12/statistics_export_2024-12_0.csv.
2025-02-03 14:24:58 : Pseudonymized IP addresses in /data/dspace-angular-dspace-8.0/stats_dump/organized/2024/12/statistics_export_2024-12_0.csv.
/data/dspace-angular-dspace-8.0/stats_dump/organized/2024/12/statistics_export_2024-12_0_mapped.csv
2025-02-03 14:24:59 : Saved mapped CSV to /data/dspace-angular-dspace-8.0/stats_dump/organized/2024/12/statistics_export_2024-12_0_mapped.csv.
2025-02-03 14:24:59 : Processing file: /data/dspace-angular-dspace-8.0/stats_dump/organized/2024/12/statistics_export_2024-12_1.csv
2025-02-03 14:24:59 : Added column 'uid_value' to /data/dspace-angular-dspace-8.0/stats_dump/organized/2024/12/statistics_export_2024-12_1.csv.
2025-02-03 14:24:59 : Added column 'owningItem_value' to /data/dspace-angular-dspace-8.0/stats_dump/organized/2024/12/statistics_export_2024-12_1.csv.
2025-02-03 14:24:59 : Added column 'owningComm_value' to /data/dspace-angular-dspace-8.0/stats_dump/organized/2024/12/statistics_export_2024-12_1.csv.
2025-02-03 14:24:59 : Added column 'owningColl_value' to /data/dspace-angular-dspace-8.0/stats_dump/organized/2024/12/statistics_export_2024-12_1.csv.
2025-02-03 14:24:59 : Added column 'workflowItemId_value' to /data/dspace-angular-dspace-8.0/stats_dump/organized/2024/12/statistics_export_2024-12_1.csv.
2025-02-03 14:24:59 : Pseudonymized IP addresses in /data/dspace-angular-dspace-8.0/stats_dump/organized/2024/12/statistics_export_2024-12_1.csv.
/data/dspace-angular-dspace-8.0/stats_dump/organized/2024/12/statistics_export_2024-12_1_mapped.csv
2025-02-03 14:24:59 : Saved mapped CSV to /data/dspace-angular-dspace-8.0/stats_dump/organized/2024/12/statistics_export_2024-12_1_mapped.csv.
2025-02-03 14:24:59 : Processing file: /data/dspace-angular-dspace-8.0/stats_dump/organized/2025/01/statistics_export_2025-01_0.csv
2025-02-03 14:24:59 : Added column 'uid_value' to /data/dspace-angular-dspace-8.0/stats_dump/organized/2025/01/statistics_export_2025-01_0.csv.
2025-02-03 14:24:59 : Added column 'owningItem_value' to /data/dspace-angular-dspace-8.0/stats_dump/organized/2025/01/statistics_export_2025-01_0.csv.
2025-02-03 14:24:59 : Added column 'owningComm_value' to /data/dspace-angular-dspace-8.0/stats_dump/organized/2025/01/statistics_export_2025-01_0.csv.
2025-02-03 14:24:59 : Added column 'owningColl_value' to /data/dspace-angular-dspace-8.0/stats_dump/organized/2025/01/statistics_export_2025-01_0.csv.
2025-02-03 14:24:59 : Added column 'workflowItemId_value' to /data/dspace-angular-dspace-8.0/stats_dump/organized/2025/01/statistics_export_2025-01_0.csv.
2025-02-03 14:24:59 : Pseudonymized IP addresses in /data/dspace-angular-dspace-8.0/stats_dump/organized/2025/01/statistics_export_2025-01_0.csv.
/data/dspace-angular-dspace-8.0/stats_dump/organized/2025/01/statistics_export_2025-01_0_mapped.csv
2025-02-03 14:24:59 : Saved mapped CSV to /data/dspace-angular-dspace-8.0/stats_dump/organized/2025/01/statistics_export_2025-01_0_mapped.csv.
2025-02-03 14:24:59 : Processing file: /data/dspace-angular-dspace-8.0/stats_dump/organized/2025/01/statistics_export_2025-01_1.csv
2025-02-03 14:24:59 : Added column 'uid_value' to /data/dspace-angular-dspace-8.0/stats_dump/organized/2025/01/statistics_export_2025-01_1.csv.
2025-02-03 14:24:59 : Added column 'owningItem_value' to /data/dspace-angular-dspace-8.0/stats_dump/organized/2025/01/statistics_export_2025-01_1.csv.
2025-02-03 14:24:59 : Added column 'owningComm_value' to /data/dspace-angular-dspace-8.0/stats_dump/organized/2025/01/statistics_export_2025-01_1.csv.
2025-02-03 14:24:59 : Added column 'owningColl_value' to /data/dspace-angular-dspace-8.0/stats_dump/organized/2025/01/statistics_export_2025-01_1.csv.
2025-02-03 14:24:59 : Added column 'workflowItemId_value' to /data/dspace-angular-dspace-8.0/stats_dump/organized/2025/01/statistics_export_2025-01_1.csv.
2025-02-03 14:24:59 : Pseudonymized IP addresses in /data/dspace-angular-dspace-8.0/stats_dump/organized/2025/01/statistics_export_2025-01_1.csv.
/data/dspace-angular-dspace-8.0/stats_dump/organized/2025/01/statistics_export_2025-01_1_mapped.csv
2025-02-03 14:24:59 : Saved mapped CSV to /data/dspace-angular-dspace-8.0/stats_dump/organized/2025/01/statistics_export_2025-01_1_mapped.csv.
2025-02-03 14:24:59 : Processing file: /data/dspace-angular-dspace-8.0/stats_dump/organized/2025/02/statistics_export_2025-02.csv
2025-02-03 14:24:59 : Added column 'uid_value' to /data/dspace-angular-dspace-8.0/stats_dump/organized/2025/02/statistics_export_2025-02.csv.
2025-02-03 14:24:59 : Added column 'owningItem_value' to /data/dspace-angular-dspace-8.0/stats_dump/organized/2025/02/statistics_export_2025-02.csv.
2025-02-03 14:24:59 : Added column 'owningComm_value' to /data/dspace-angular-dspace-8.0/stats_dump/organized/2025/02/statistics_export_2025-02.csv.
2025-02-03 14:24:59 : Added column 'owningColl_value' to /data/dspace-angular-dspace-8.0/stats_dump/organized/2025/02/statistics_export_2025-02.csv.
2025-02-03 14:24:59 : Added column 'workflowItemId_value' to /data/dspace-angular-dspace-8.0/stats_dump/organized/2025/02/statistics_export_2025-02.csv.
2025-02-03 14:24:59 : Pseudonymized IP addresses in /data/dspace-angular-dspace-8.0/stats_dump/organized/2025/02/statistics_export_2025-02.csv.
/data/dspace-angular-dspace-8.0/stats_dump/organized/2025/02/statistics_export_2025-02_mapped.csv
2025-02-03 14:24:59 : Saved mapped CSV to /data/dspace-angular-dspace-8.0/stats_dump/organized/2025/02/statistics_export_2025-02_mapped.csv.
2025-02-03 14:24:59 : UUID mapping process completed.
2025-02-03 14:24:59 : UUID mapping completed successfully.
2025-02-03 14:24:59 : ========== Solr Statistics Export Process Completed ==========
